Model File : generated_models/unsat_model_0.xml
Spec  File : generated_models/unsat_model_0.cfg
Parsing XML...
Parsing XML Success
------------setReachSpec()------------src/automata/Automaton.cpp:451-----------------
loc()==loc14
------------generateExtraTransition()------------src/automata/Automaton.cpp:580-----------------
x1[0][null]
------------generateExtraTransition()------------src/automata/Automaton.cpp:580-----------------
x2[1][null]
------------generateExtraTransition()------------src/automata/Automaton.cpp:580-----------------
c[2][null]
*******************ComposedAutomata Information*********************
Automaton:warehouse_automation_agent
variable:x1[0][null]
variable:x2[1][null]
variable:c[2][null]

shared variable:x1[0]
used Automaton:
read Transition:
e39[warehouse_automation_agent]
e54[warehouse_automation_agent]
e53[warehouse_automation_agent]
e52[warehouse_automation_agent]
e51[warehouse_automation_agent]
e50[warehouse_automation_agent]
e49[warehouse_automation_agent]
e48[warehouse_automation_agent]
e38[warehouse_automation_agent]
e37[warehouse_automation_agent]
e36[warehouse_automation_agent]
e47[warehouse_automation_agent]
e46[warehouse_automation_agent]
e45[warehouse_automation_agent]
e44[warehouse_automation_agent]
e43[warehouse_automation_agent]
e42[warehouse_automation_agent]
e41[warehouse_automation_agent]
e40[warehouse_automation_agent]
e55[warehouse_automation_agent]
e35[warehouse_automation_agent]
e34[warehouse_automation_agent]
e33[warehouse_automation_agent]
e32[warehouse_automation_agent]
e31[warehouse_automation_agent]
e30[warehouse_automation_agent]
e29[warehouse_automation_agent]
e28[warehouse_automation_agent]
e27[warehouse_automation_agent]
e26[warehouse_automation_agent]
e25[warehouse_automation_agent]
e24[warehouse_automation_agent]
e23[warehouse_automation_agent]
e1[warehouse_automation_agent]
e2[warehouse_automation_agent]
e3[warehouse_automation_agent]
e4[warehouse_automation_agent]
e5[warehouse_automation_agent]
e6[warehouse_automation_agent]
e7[warehouse_automation_agent]
e8[warehouse_automation_agent]
e9[warehouse_automation_agent]
e10[warehouse_automation_agent]
e11[warehouse_automation_agent]
e12[warehouse_automation_agent]
e13[warehouse_automation_agent]
e14[warehouse_automation_agent]
e15[warehouse_automation_agent]
e16[warehouse_automation_agent]
e17[warehouse_automation_agent]
e18[warehouse_automation_agent]
e19[warehouse_automation_agent]
e20[warehouse_automation_agent]
e21[warehouse_automation_agent]
e22[warehouse_automation_agent]
e56[warehouse_automation_agent]
e57[warehouse_automation_agent]
e58[warehouse_automation_agent]
e59[warehouse_automation_agent]
e60[warehouse_automation_agent]
e61[warehouse_automation_agent]
e62[warehouse_automation_agent]
e63[warehouse_automation_agent]
e64[warehouse_automation_agent]
e65[warehouse_automation_agent]
e66[warehouse_automation_agent]
e67[warehouse_automation_agent]
e68[warehouse_automation_agent]
e69[warehouse_automation_agent]
e70[warehouse_automation_agent]
e71[warehouse_automation_agent]
e72[warehouse_automation_agent]
e73[warehouse_automation_agent]
e74[warehouse_automation_agent]
initial$0[warehouse_automation_agent]
target$0[warehouse_automation_agent]
written Transition:
used Transition:
e39[warehouse_automation_agent]
e54[warehouse_automation_agent]
e53[warehouse_automation_agent]
e52[warehouse_automation_agent]
e51[warehouse_automation_agent]
e50[warehouse_automation_agent]
e49[warehouse_automation_agent]
e48[warehouse_automation_agent]
e38[warehouse_automation_agent]
e37[warehouse_automation_agent]
e36[warehouse_automation_agent]
e47[warehouse_automation_agent]
e46[warehouse_automation_agent]
e45[warehouse_automation_agent]
e44[warehouse_automation_agent]
e43[warehouse_automation_agent]
e42[warehouse_automation_agent]
e41[warehouse_automation_agent]
e40[warehouse_automation_agent]
e55[warehouse_automation_agent]
e35[warehouse_automation_agent]
e34[warehouse_automation_agent]
e33[warehouse_automation_agent]
e32[warehouse_automation_agent]
e31[warehouse_automation_agent]
e30[warehouse_automation_agent]
e29[warehouse_automation_agent]
e28[warehouse_automation_agent]
e27[warehouse_automation_agent]
e26[warehouse_automation_agent]
e25[warehouse_automation_agent]
e24[warehouse_automation_agent]
e23[warehouse_automation_agent]
e1[warehouse_automation_agent]
e2[warehouse_automation_agent]
e3[warehouse_automation_agent]
e4[warehouse_automation_agent]
e5[warehouse_automation_agent]
e6[warehouse_automation_agent]
e7[warehouse_automation_agent]
e8[warehouse_automation_agent]
e9[warehouse_automation_agent]
e10[warehouse_automation_agent]
e11[warehouse_automation_agent]
e12[warehouse_automation_agent]
e13[warehouse_automation_agent]
e14[warehouse_automation_agent]
e15[warehouse_automation_agent]
e16[warehouse_automation_agent]
e17[warehouse_automation_agent]
e18[warehouse_automation_agent]
e19[warehouse_automation_agent]
e20[warehouse_automation_agent]
e21[warehouse_automation_agent]
e22[warehouse_automation_agent]
e56[warehouse_automation_agent]
e57[warehouse_automation_agent]
e58[warehouse_automation_agent]
e59[warehouse_automation_agent]
e60[warehouse_automation_agent]
e61[warehouse_automation_agent]
e62[warehouse_automation_agent]
e63[warehouse_automation_agent]
e64[warehouse_automation_agent]
e65[warehouse_automation_agent]
e66[warehouse_automation_agent]
e67[warehouse_automation_agent]
e68[warehouse_automation_agent]
e69[warehouse_automation_agent]
e70[warehouse_automation_agent]
e71[warehouse_automation_agent]
e72[warehouse_automation_agent]
e73[warehouse_automation_agent]
e74[warehouse_automation_agent]
initial$0[warehouse_automation_agent]
target$0[warehouse_automation_agent]
read State:
loc1(0)[warehouse_automation_agent]
loc2(1)[warehouse_automation_agent]
loc3(2)[warehouse_automation_agent]
loc4(3)[warehouse_automation_agent]
loc5(4)[warehouse_automation_agent]
loc6(5)[warehouse_automation_agent]
loc7(6)[warehouse_automation_agent]
loc8(7)[warehouse_automation_agent]
loc9(8)[warehouse_automation_agent]
loc18(17)[warehouse_automation_agent]
loc10(9)[warehouse_automation_agent]
loc11(10)[warehouse_automation_agent]
loc12(11)[warehouse_automation_agent]
loc13(12)[warehouse_automation_agent]
loc14(13)[warehouse_automation_agent]
loc15(14)[warehouse_automation_agent]
loc16(15)[warehouse_automation_agent]
loc17(16)[warehouse_automation_agent]
loc19(18)[warehouse_automation_agent]
loc20(19)[warehouse_automation_agent]
loc21(20)[warehouse_automation_agent]
loc22(21)[warehouse_automation_agent]
loc23(22)[warehouse_automation_agent]
loc24(23)[warehouse_automation_agent]
loc25(24)[warehouse_automation_agent]

shared variable:x2[1]
used Automaton:
read Transition:
e39[warehouse_automation_agent]
e54[warehouse_automation_agent]
e53[warehouse_automation_agent]
e52[warehouse_automation_agent]
e51[warehouse_automation_agent]
e50[warehouse_automation_agent]
e49[warehouse_automation_agent]
e48[warehouse_automation_agent]
e38[warehouse_automation_agent]
e37[warehouse_automation_agent]
e36[warehouse_automation_agent]
e47[warehouse_automation_agent]
e46[warehouse_automation_agent]
e45[warehouse_automation_agent]
e44[warehouse_automation_agent]
e43[warehouse_automation_agent]
e42[warehouse_automation_agent]
e41[warehouse_automation_agent]
e40[warehouse_automation_agent]
e55[warehouse_automation_agent]
e35[warehouse_automation_agent]
e34[warehouse_automation_agent]
e33[warehouse_automation_agent]
e32[warehouse_automation_agent]
e31[warehouse_automation_agent]
e30[warehouse_automation_agent]
e29[warehouse_automation_agent]
e28[warehouse_automation_agent]
e27[warehouse_automation_agent]
e26[warehouse_automation_agent]
e25[warehouse_automation_agent]
e24[warehouse_automation_agent]
e23[warehouse_automation_agent]
e1[warehouse_automation_agent]
e2[warehouse_automation_agent]
e3[warehouse_automation_agent]
e4[warehouse_automation_agent]
e5[warehouse_automation_agent]
e6[warehouse_automation_agent]
e7[warehouse_automation_agent]
e8[warehouse_automation_agent]
e9[warehouse_automation_agent]
e10[warehouse_automation_agent]
e11[warehouse_automation_agent]
e12[warehouse_automation_agent]
e13[warehouse_automation_agent]
e14[warehouse_automation_agent]
e15[warehouse_automation_agent]
e16[warehouse_automation_agent]
e17[warehouse_automation_agent]
e18[warehouse_automation_agent]
e19[warehouse_automation_agent]
e20[warehouse_automation_agent]
e21[warehouse_automation_agent]
e22[warehouse_automation_agent]
e56[warehouse_automation_agent]
e57[warehouse_automation_agent]
e58[warehouse_automation_agent]
e59[warehouse_automation_agent]
e60[warehouse_automation_agent]
e61[warehouse_automation_agent]
e62[warehouse_automation_agent]
e63[warehouse_automation_agent]
e64[warehouse_automation_agent]
e65[warehouse_automation_agent]
e66[warehouse_automation_agent]
e67[warehouse_automation_agent]
e68[warehouse_automation_agent]
e69[warehouse_automation_agent]
e70[warehouse_automation_agent]
e71[warehouse_automation_agent]
e72[warehouse_automation_agent]
e73[warehouse_automation_agent]
e74[warehouse_automation_agent]
initial$0[warehouse_automation_agent]
target$0[warehouse_automation_agent]
written Transition:
used Transition:
e39[warehouse_automation_agent]
e54[warehouse_automation_agent]
e53[warehouse_automation_agent]
e52[warehouse_automation_agent]
e51[warehouse_automation_agent]
e50[warehouse_automation_agent]
e49[warehouse_automation_agent]
e48[warehouse_automation_agent]
e38[warehouse_automation_agent]
e37[warehouse_automation_agent]
e36[warehouse_automation_agent]
e47[warehouse_automation_agent]
e46[warehouse_automation_agent]
e45[warehouse_automation_agent]
e44[warehouse_automation_agent]
e43[warehouse_automation_agent]
e42[warehouse_automation_agent]
e41[warehouse_automation_agent]
e40[warehouse_automation_agent]
e55[warehouse_automation_agent]
e35[warehouse_automation_agent]
e34[warehouse_automation_agent]
e33[warehouse_automation_agent]
e32[warehouse_automation_agent]
e31[warehouse_automation_agent]
e30[warehouse_automation_agent]
e29[warehouse_automation_agent]
e28[warehouse_automation_agent]
e27[warehouse_automation_agent]
e26[warehouse_automation_agent]
e25[warehouse_automation_agent]
e24[warehouse_automation_agent]
e23[warehouse_automation_agent]
e1[warehouse_automation_agent]
e2[warehouse_automation_agent]
e3[warehouse_automation_agent]
e4[warehouse_automation_agent]
e5[warehouse_automation_agent]
e6[warehouse_automation_agent]
e7[warehouse_automation_agent]
e8[warehouse_automation_agent]
e9[warehouse_automation_agent]
e10[warehouse_automation_agent]
e11[warehouse_automation_agent]
e12[warehouse_automation_agent]
e13[warehouse_automation_agent]
e14[warehouse_automation_agent]
e15[warehouse_automation_agent]
e16[warehouse_automation_agent]
e17[warehouse_automation_agent]
e18[warehouse_automation_agent]
e19[warehouse_automation_agent]
e20[warehouse_automation_agent]
e21[warehouse_automation_agent]
e22[warehouse_automation_agent]
e56[warehouse_automation_agent]
e57[warehouse_automation_agent]
e58[warehouse_automation_agent]
e59[warehouse_automation_agent]
e60[warehouse_automation_agent]
e61[warehouse_automation_agent]
e62[warehouse_automation_agent]
e63[warehouse_automation_agent]
e64[warehouse_automation_agent]
e65[warehouse_automation_agent]
e66[warehouse_automation_agent]
e67[warehouse_automation_agent]
e68[warehouse_automation_agent]
e69[warehouse_automation_agent]
e70[warehouse_automation_agent]
e71[warehouse_automation_agent]
e72[warehouse_automation_agent]
e73[warehouse_automation_agent]
e74[warehouse_automation_agent]
initial$0[warehouse_automation_agent]
target$0[warehouse_automation_agent]
read State:
loc1(0)[warehouse_automation_agent]
loc2(1)[warehouse_automation_agent]
loc3(2)[warehouse_automation_agent]
loc4(3)[warehouse_automation_agent]
loc5(4)[warehouse_automation_agent]
loc6(5)[warehouse_automation_agent]
loc7(6)[warehouse_automation_agent]
loc8(7)[warehouse_automation_agent]
loc9(8)[warehouse_automation_agent]
loc18(17)[warehouse_automation_agent]
loc10(9)[warehouse_automation_agent]
loc11(10)[warehouse_automation_agent]
loc12(11)[warehouse_automation_agent]
loc13(12)[warehouse_automation_agent]
loc14(13)[warehouse_automation_agent]
loc15(14)[warehouse_automation_agent]
loc16(15)[warehouse_automation_agent]
loc17(16)[warehouse_automation_agent]
loc19(18)[warehouse_automation_agent]
loc20(19)[warehouse_automation_agent]
loc21(20)[warehouse_automation_agent]
loc22(21)[warehouse_automation_agent]
loc23(22)[warehouse_automation_agent]
loc24(23)[warehouse_automation_agent]
loc25(24)[warehouse_automation_agent]

shared variable:c[2]
used Automaton:
read Transition:
e39[warehouse_automation_agent]
e54[warehouse_automation_agent]
e53[warehouse_automation_agent]
e52[warehouse_automation_agent]
e51[warehouse_automation_agent]
e50[warehouse_automation_agent]
e49[warehouse_automation_agent]
e48[warehouse_automation_agent]
e38[warehouse_automation_agent]
e37[warehouse_automation_agent]
e36[warehouse_automation_agent]
e47[warehouse_automation_agent]
e46[warehouse_automation_agent]
e45[warehouse_automation_agent]
e44[warehouse_automation_agent]
e43[warehouse_automation_agent]
e42[warehouse_automation_agent]
e41[warehouse_automation_agent]
e40[warehouse_automation_agent]
e55[warehouse_automation_agent]
e35[warehouse_automation_agent]
e34[warehouse_automation_agent]
e33[warehouse_automation_agent]
e32[warehouse_automation_agent]
e31[warehouse_automation_agent]
e30[warehouse_automation_agent]
e29[warehouse_automation_agent]
e28[warehouse_automation_agent]
e27[warehouse_automation_agent]
e26[warehouse_automation_agent]
e25[warehouse_automation_agent]
e24[warehouse_automation_agent]
e23[warehouse_automation_agent]
e1[warehouse_automation_agent]
e2[warehouse_automation_agent]
e3[warehouse_automation_agent]
e4[warehouse_automation_agent]
e5[warehouse_automation_agent]
e6[warehouse_automation_agent]
e7[warehouse_automation_agent]
e8[warehouse_automation_agent]
e9[warehouse_automation_agent]
e10[warehouse_automation_agent]
e11[warehouse_automation_agent]
e12[warehouse_automation_agent]
e13[warehouse_automation_agent]
e14[warehouse_automation_agent]
e15[warehouse_automation_agent]
e16[warehouse_automation_agent]
e17[warehouse_automation_agent]
e18[warehouse_automation_agent]
e19[warehouse_automation_agent]
e20[warehouse_automation_agent]
e21[warehouse_automation_agent]
e22[warehouse_automation_agent]
e56[warehouse_automation_agent]
e57[warehouse_automation_agent]
e58[warehouse_automation_agent]
e59[warehouse_automation_agent]
e60[warehouse_automation_agent]
e61[warehouse_automation_agent]
e62[warehouse_automation_agent]
e63[warehouse_automation_agent]
e64[warehouse_automation_agent]
e65[warehouse_automation_agent]
e66[warehouse_automation_agent]
e67[warehouse_automation_agent]
e68[warehouse_automation_agent]
e69[warehouse_automation_agent]
e70[warehouse_automation_agent]
e71[warehouse_automation_agent]
e72[warehouse_automation_agent]
e73[warehouse_automation_agent]
e74[warehouse_automation_agent]
initial$0[warehouse_automation_agent]
target$0[warehouse_automation_agent]
written Transition:
used Transition:
e39[warehouse_automation_agent]
e54[warehouse_automation_agent]
e53[warehouse_automation_agent]
e52[warehouse_automation_agent]
e51[warehouse_automation_agent]
e50[warehouse_automation_agent]
e49[warehouse_automation_agent]
e48[warehouse_automation_agent]
e38[warehouse_automation_agent]
e37[warehouse_automation_agent]
e36[warehouse_automation_agent]
e47[warehouse_automation_agent]
e46[warehouse_automation_agent]
e45[warehouse_automation_agent]
e44[warehouse_automation_agent]
e43[warehouse_automation_agent]
e42[warehouse_automation_agent]
e41[warehouse_automation_agent]
e40[warehouse_automation_agent]
e55[warehouse_automation_agent]
e35[warehouse_automation_agent]
e34[warehouse_automation_agent]
e33[warehouse_automation_agent]
e32[warehouse_automation_agent]
e31[warehouse_automation_agent]
e30[warehouse_automation_agent]
e29[warehouse_automation_agent]
e28[warehouse_automation_agent]
e27[warehouse_automation_agent]
e26[warehouse_automation_agent]
e25[warehouse_automation_agent]
e24[warehouse_automation_agent]
e23[warehouse_automation_agent]
e1[warehouse_automation_agent]
e2[warehouse_automation_agent]
e3[warehouse_automation_agent]
e4[warehouse_automation_agent]
e5[warehouse_automation_agent]
e6[warehouse_automation_agent]
e7[warehouse_automation_agent]
e8[warehouse_automation_agent]
e9[warehouse_automation_agent]
e10[warehouse_automation_agent]
e11[warehouse_automation_agent]
e12[warehouse_automation_agent]
e13[warehouse_automation_agent]
e14[warehouse_automation_agent]
e15[warehouse_automation_agent]
e16[warehouse_automation_agent]
e17[warehouse_automation_agent]
e18[warehouse_automation_agent]
e19[warehouse_automation_agent]
e20[warehouse_automation_agent]
e21[warehouse_automation_agent]
e22[warehouse_automation_agent]
e56[warehouse_automation_agent]
e57[warehouse_automation_agent]
e58[warehouse_automation_agent]
e59[warehouse_automation_agent]
e60[warehouse_automation_agent]
e61[warehouse_automation_agent]
e62[warehouse_automation_agent]
e63[warehouse_automation_agent]
e64[warehouse_automation_agent]
e65[warehouse_automation_agent]
e66[warehouse_automation_agent]
e67[warehouse_automation_agent]
e68[warehouse_automation_agent]
e69[warehouse_automation_agent]
e70[warehouse_automation_agent]
e71[warehouse_automation_agent]
e72[warehouse_automation_agent]
e73[warehouse_automation_agent]
e74[warehouse_automation_agent]
initial$0[warehouse_automation_agent]
target$0[warehouse_automation_agent]
read State:
loc1(0)[warehouse_automation_agent]
loc2(1)[warehouse_automation_agent]
loc3(2)[warehouse_automation_agent]
loc4(3)[warehouse_automation_agent]
loc5(4)[warehouse_automation_agent]
loc6(5)[warehouse_automation_agent]
loc7(6)[warehouse_automation_agent]
loc8(7)[warehouse_automation_agent]
loc9(8)[warehouse_automation_agent]
loc18(17)[warehouse_automation_agent]
loc10(9)[warehouse_automation_agent]
loc11(10)[warehouse_automation_agent]
loc12(11)[warehouse_automation_agent]
loc13(12)[warehouse_automation_agent]
loc14(13)[warehouse_automation_agent]
loc15(14)[warehouse_automation_agent]
loc16(15)[warehouse_automation_agent]
loc17(16)[warehouse_automation_agent]
loc19(18)[warehouse_automation_agent]
loc20(19)[warehouse_automation_agent]
loc21(20)[warehouse_automation_agent]
loc22(21)[warehouse_automation_agent]
loc23(22)[warehouse_automation_agent]
loc24(23)[warehouse_automation_agent]
loc25(24)[warehouse_automation_agent]

labels:initial$0
labels:target$0
*******************Automaton Information*********************
Automaton:warehouse_automation_agent[0]
variable:x1[0][null]
variable:x2[1][null]
variable:c[2][null]
State:
loc1,0
Invariants:
( x1[0][null] >= 0 )
( x1[0][null] <= 1 )
( x2[1][null] >= 0 )
( x2[1][null] <= 1 )
( c[2][null] >= 0.1 )
Flows:
( x1[0][null]' >= -1 )
( x1[0][null]' <= 1 )
( x2[1][null]' >= -1 )
( x2[1][null]' <= 1 )
( c[2][null]' = -1 )
Next:
e1[warehouse_automation_agent]
e3[warehouse_automation_agent]
Pre:
e2[warehouse_automation_agent]
e4[warehouse_automation_agent]

State:
loc2,1
Invariants:
( x1[0][null] >= 1 )
( x1[0][null] <= 2 )
( x2[1][null] >= 0 )
( x2[1][null] <= 1 )
( c[2][null] >= 0.1 )
Flows:
( x1[0][null]' >= -1 )
( x1[0][null]' <= 1 )
( x2[1][null]' >= -1 )
( x2[1][null]' <= 1 )
( c[2][null]' = -1 )
Next:
e2[warehouse_automation_agent]
e5[warehouse_automation_agent]
e7[warehouse_automation_agent]
Pre:
e1[warehouse_automation_agent]
e6[warehouse_automation_agent]
e8[warehouse_automation_agent]

State:
loc3,2
Invariants:
( x1[0][null] >= 2 )
( x1[0][null] <= 3 )
( x2[1][null] >= 0 )
( x2[1][null] <= 1 )
( c[2][null] >= 0.1 )
Flows:
( x1[0][null]' >= -1 )
( x1[0][null]' <= 1 )
( x2[1][null]' >= -1 )
( x2[1][null]' <= 1 )
( c[2][null]' = -1 )
Next:
e6[warehouse_automation_agent]
e9[warehouse_automation_agent]
e11[warehouse_automation_agent]
Pre:
e5[warehouse_automation_agent]
e10[warehouse_automation_agent]
e12[warehouse_automation_agent]

State:
loc4,3
Invariants:
( x1[0][null] >= 3 )
( x1[0][null] <= 4 )
( x2[1][null] >= 0 )
( x2[1][null] <= 1 )
( c[2][null] >= 0.1 )
Flows:
( x1[0][null]' >= -1 )
( x1[0][null]' <= 1 )
( x2[1][null]' >= -1 )
( x2[1][null]' <= 1 )
( c[2][null]' = -1 )
Next:
e10[warehouse_automation_agent]
e13[warehouse_automation_agent]
e15[warehouse_automation_agent]
Pre:
e9[warehouse_automation_agent]
e14[warehouse_automation_agent]
e16[warehouse_automation_agent]

State:
loc5,4
Invariants:
( x1[0][null] >= 4 )
( x1[0][null] <= 5 )
( x2[1][null] >= 0 )
( x2[1][null] <= 1 )
( c[2][null] >= 0.1 )
Flows:
( x1[0][null]' >= -1 )
( x1[0][null]' <= 1 )
( x2[1][null]' >= -1 )
( x2[1][null]' <= 1 )
( c[2][null]' = -1 )
Next:
e14[warehouse_automation_agent]
Pre:
e13[warehouse_automation_agent]

State:
loc6,5
Invariants:
( x1[0][null] >= 0 )
( x1[0][null] <= 1 )
( x2[1][null] >= 1 )
( x2[1][null] <= 2 )
( c[2][null] >= 0.1 )
Flows:
( x1[0][null]' >= -1 )
( x1[0][null]' <= 1 )
( x2[1][null]' >= -1 )
( x2[1][null]' <= 1 )
( c[2][null]' = -1 )
Next:
e4[warehouse_automation_agent]
e17[warehouse_automation_agent]
e19[warehouse_automation_agent]
Pre:
e3[warehouse_automation_agent]
e18[warehouse_automation_agent]
e20[warehouse_automation_agent]

State:
loc7,6
Invariants:
( x1[0][null] >= 1 )
( x1[0][null] <= 2 )
( x2[1][null] >= 1 )
( x2[1][null] <= 2 )
( c[2][null] >= 0.1 )
Flows:
( x1[0][null]' >= -1 )
( x1[0][null]' <= 1 )
( x2[1][null]' >= -1 )
( x2[1][null]' <= 1 )
( c[2][null]' = -1 )
Next:
e8[warehouse_automation_agent]
e18[warehouse_automation_agent]
e21[warehouse_automation_agent]
e23[warehouse_automation_agent]
Pre:
e7[warehouse_automation_agent]
e17[warehouse_automation_agent]
e22[warehouse_automation_agent]
e24[warehouse_automation_agent]

State:
loc8,7
Invariants:
( x1[0][null] >= 2 )
( x1[0][null] <= 3 )
( x2[1][null] >= 1 )
( x2[1][null] <= 2 )
( c[2][null] >= 0.1 )
Flows:
( x1[0][null]' >= -1 )
( x1[0][null]' <= 1 )
( x2[1][null]' >= -1 )
( x2[1][null]' <= 1 )
( c[2][null]' = -1 )
Next:
e12[warehouse_automation_agent]
e22[warehouse_automation_agent]
e25[warehouse_automation_agent]
e27[warehouse_automation_agent]
Pre:
e11[warehouse_automation_agent]
e21[warehouse_automation_agent]
e26[warehouse_automation_agent]
e28[warehouse_automation_agent]

State:
loc9,8
Invariants:
( x1[0][null] >= 3 )
( x1[0][null] <= 4 )
( x2[1][null] >= 1 )
( x2[1][null] <= 2 )
( c[2][null] >= 0.1 )
Flows:
( x1[0][null]' >= -1 )
( x1[0][null]' <= 1 )
( x2[1][null]' >= -1 )
( x2[1][null]' <= 1 )
( c[2][null]' = -1 )
Next:
e16[warehouse_automation_agent]
e26[warehouse_automation_agent]
e29[warehouse_automation_agent]
Pre:
e15[warehouse_automation_agent]
e25[warehouse_automation_agent]
e30[warehouse_automation_agent]

State:
loc10,9
Invariants:
( x1[0][null] >= 4 )
( x1[0][null] <= 5 )
( x2[1][null] >= 1 )
( x2[1][null] <= 2 )
( c[2][null] >= 0.1 )
Flows:
( x1[0][null]' = 0 )
( x2[1][null]' = 0 )
( c[2][null]' = -1 )
Next:
Pre:
initial$0[warehouse_automation_agent]

State:
loc11,10
Invariants:
( x1[0][null] >= 0 )
( x1[0][null] <= 1 )
( x2[1][null] >= 2 )
( x2[1][null] <= 3 )
( c[2][null] >= 0.1 )
Flows:
( x1[0][null]' >= -1 )
( x1[0][null]' <= 1 )
( x2[1][null]' >= -1 )
( x2[1][null]' <= 1 )
( c[2][null]' = -1 )
Next:
e20[warehouse_automation_agent]
e31[warehouse_automation_agent]
e33[warehouse_automation_agent]
Pre:
e19[warehouse_automation_agent]
e32[warehouse_automation_agent]
e34[warehouse_automation_agent]

State:
loc12,11
Invariants:
( x1[0][null] >= 1 )
( x1[0][null] <= 2 )
( x2[1][null] >= 2 )
( x2[1][null] <= 3 )
( c[2][null] >= 0.1 )
Flows:
( x1[0][null]' >= -1 )
( x1[0][null]' <= 1 )
( x2[1][null]' >= -1 )
( x2[1][null]' <= 1 )
( c[2][null]' = -1 )
Next:
e24[warehouse_automation_agent]
e32[warehouse_automation_agent]
e35[warehouse_automation_agent]
e37[warehouse_automation_agent]
Pre:
e23[warehouse_automation_agent]
e31[warehouse_automation_agent]
e36[warehouse_automation_agent]
e38[warehouse_automation_agent]

State:
loc13,12
Invariants:
( x1[0][null] >= 2 )
( x1[0][null] <= 3 )
( x2[1][null] >= 2 )
( x2[1][null] <= 3 )
( c[2][null] >= 0.1 )
Flows:
( x1[0][null]' >= -1 )
( x1[0][null]' <= 1 )
( x2[1][null]' >= -1 )
( x2[1][null]' <= 1 )
( c[2][null]' = -1 )
Next:
e28[warehouse_automation_agent]
e36[warehouse_automation_agent]
e39[warehouse_automation_agent]
e41[warehouse_automation_agent]
Pre:
e27[warehouse_automation_agent]
e35[warehouse_automation_agent]
e40[warehouse_automation_agent]
e42[warehouse_automation_agent]

State:
loc14,13
Invariants:
( x1[0][null] >= 3 )
( x1[0][null] <= 4 )
( x2[1][null] >= 2 )
( x2[1][null] <= 3 )
( c[2][null] >= 0.1 )
Flows:
( x1[0][null]' >= -1 )
( x1[0][null]' <= 1 )
( x2[1][null]' >= -1 )
( x2[1][null]' <= 1 )
( c[2][null]' = -2 )
Next:
e30[warehouse_automation_agent]
e40[warehouse_automation_agent]
e43[warehouse_automation_agent]
e45[warehouse_automation_agent]
target$0[warehouse_automation_agent]
Pre:
e29[warehouse_automation_agent]
e39[warehouse_automation_agent]
e44[warehouse_automation_agent]
e46[warehouse_automation_agent]

State:
loc15,14
Invariants:
( x1[0][null] >= 4 )
( x1[0][null] <= 5 )
( x2[1][null] >= 2 )
( x2[1][null] <= 3 )
( c[2][null] >= 0.1 )
Flows:
( x1[0][null]' >= -1 )
( x1[0][null]' <= 1 )
( x2[1][null]' >= -1 )
( x2[1][null]' <= 1 )
( c[2][null]' = -1 )
Next:
e44[warehouse_automation_agent]
e47[warehouse_automation_agent]
Pre:
e43[warehouse_automation_agent]
e48[warehouse_automation_agent]

State:
loc16,15
Invariants:
( x1[0][null] >= 0 )
( x1[0][null] <= 1 )
( x2[1][null] >= 3 )
( x2[1][null] <= 4 )
( c[2][null] >= 0.1 )
Flows:
( x1[0][null]' >= -1 )
( x1[0][null]' <= 1 )
( x2[1][null]' >= -1 )
( x2[1][null]' <= 1 )
( c[2][null]' = -1 )
Next:
e34[warehouse_automation_agent]
e49[warehouse_automation_agent]
e51[warehouse_automation_agent]
Pre:
e33[warehouse_automation_agent]
e50[warehouse_automation_agent]
e52[warehouse_automation_agent]

State:
loc17,16
Invariants:
( x1[0][null] >= 1 )
( x1[0][null] <= 2 )
( x2[1][null] >= 3 )
( x2[1][null] <= 4 )
( c[2][null] >= 0.1 )
Flows:
( x1[0][null]' >= -1 )
( x1[0][null]' <= 1 )
( x2[1][null]' >= -1 )
( x2[1][null]' <= 1 )
( c[2][null]' = -1 )
Next:
e38[warehouse_automation_agent]
e50[warehouse_automation_agent]
e53[warehouse_automation_agent]
e55[warehouse_automation_agent]
Pre:
e37[warehouse_automation_agent]
e49[warehouse_automation_agent]
e54[warehouse_automation_agent]
e56[warehouse_automation_agent]

State:
loc18,17
Invariants:
( x1[0][null] >= 2 )
( x1[0][null] <= 3 )
( x2[1][null] >= 3 )
( x2[1][null] <= 4 )
( c[2][null] >= 0.1 )
Flows:
( x1[0][null]' >= -1 )
( x1[0][null]' <= 1 )
( x2[1][null]' >= -1 )
( x2[1][null]' <= 1 )
( c[2][null]' = -1 )
Next:
e42[warehouse_automation_agent]
e54[warehouse_automation_agent]
e57[warehouse_automation_agent]
e59[warehouse_automation_agent]
Pre:
e41[warehouse_automation_agent]
e53[warehouse_automation_agent]
e58[warehouse_automation_agent]
e60[warehouse_automation_agent]

State:
loc19,18
Invariants:
( x1[0][null] >= 3 )
( x1[0][null] <= 4 )
( x2[1][null] >= 3 )
( x2[1][null] <= 4 )
( c[2][null] >= 0.1 )
Flows:
( x1[0][null]' >= -1 )
( x1[0][null]' <= 1 )
( x2[1][null]' >= -1 )
( x2[1][null]' <= 1 )
( c[2][null]' = -1 )
Next:
e46[warehouse_automation_agent]
e58[warehouse_automation_agent]
e61[warehouse_automation_agent]
e63[warehouse_automation_agent]
Pre:
e45[warehouse_automation_agent]
e57[warehouse_automation_agent]
e62[warehouse_automation_agent]
e64[warehouse_automation_agent]

State:
loc20,19
Invariants:
( x1[0][null] >= 4 )
( x1[0][null] <= 5 )
( x2[1][null] >= 3 )
( x2[1][null] <= 4 )
( c[2][null] >= 0.1 )
Flows:
( x1[0][null]' >= -1 )
( x1[0][null]' <= 1 )
( x2[1][null]' >= -1 )
( x2[1][null]' <= 1 )
( c[2][null]' = 0 )
Next:
e48[warehouse_automation_agent]
e62[warehouse_automation_agent]
e65[warehouse_automation_agent]
Pre:
e47[warehouse_automation_agent]
e61[warehouse_automation_agent]
e66[warehouse_automation_agent]

State:
loc21,20
Invariants:
( x1[0][null] >= 0 )
( x1[0][null] <= 1 )
( x2[1][null] >= 4 )
( x2[1][null] <= 5 )
( c[2][null] >= 0.1 )
Flows:
( x1[0][null]' >= -1 )
( x1[0][null]' <= 1 )
( x2[1][null]' >= -1 )
( x2[1][null]' <= 1 )
( c[2][null]' = -1 )
Next:
e52[warehouse_automation_agent]
e67[warehouse_automation_agent]
Pre:
e51[warehouse_automation_agent]
e68[warehouse_automation_agent]

State:
loc22,21
Invariants:
( x1[0][null] >= 1 )
( x1[0][null] <= 2 )
( x2[1][null] >= 4 )
( x2[1][null] <= 5 )
( c[2][null] >= 0.1 )
Flows:
( x1[0][null]' >= -1 )
( x1[0][null]' <= 1 )
( x2[1][null]' >= -1 )
( x2[1][null]' <= 1 )
( c[2][null]' = -1 )
Next:
e56[warehouse_automation_agent]
e68[warehouse_automation_agent]
e69[warehouse_automation_agent]
Pre:
e55[warehouse_automation_agent]
e67[warehouse_automation_agent]
e70[warehouse_automation_agent]

State:
loc23,22
Invariants:
( x1[0][null] >= 2 )
( x1[0][null] <= 3 )
( x2[1][null] >= 4 )
( x2[1][null] <= 5 )
( c[2][null] >= 0.1 )
Flows:
( x1[0][null]' >= -1 )
( x1[0][null]' <= 1 )
( x2[1][null]' >= -1 )
( x2[1][null]' <= 1 )
( c[2][null]' = -1 )
Next:
e60[warehouse_automation_agent]
e70[warehouse_automation_agent]
e71[warehouse_automation_agent]
Pre:
e59[warehouse_automation_agent]
e69[warehouse_automation_agent]
e72[warehouse_automation_agent]

State:
loc24,23
Invariants:
( x1[0][null] >= 3 )
( x1[0][null] <= 4 )
( x2[1][null] >= 4 )
( x2[1][null] <= 5 )
( c[2][null] >= 0.1 )
Flows:
( x1[0][null]' >= -1 )
( x1[0][null]' <= 1 )
( x2[1][null]' >= -1 )
( x2[1][null]' <= 1 )
( c[2][null]' = -1 )
Next:
e64[warehouse_automation_agent]
e72[warehouse_automation_agent]
e73[warehouse_automation_agent]
Pre:
e63[warehouse_automation_agent]
e71[warehouse_automation_agent]
e74[warehouse_automation_agent]

State:
loc25,24
Invariants:
( x1[0][null] >= 4 )
( x1[0][null] <= 5 )
( x2[1][null] >= 4 )
( x2[1][null] <= 5 )
( c[2][null] >= 0.1 )
Flows:
( x1[0][null]' >= -1 )
( x1[0][null]' <= 1 )
( x2[1][null]' >= -1 )
( x2[1][null]' <= 1 )
( c[2][null]' = -1 )
Next:
e66[warehouse_automation_agent]
e74[warehouse_automation_agent]
Pre:
e65[warehouse_automation_agent]
e73[warehouse_automation_agent]

State:
warehouse_automation_agent$initial,25
Invariants:
Flows:
Next:
initial$0[warehouse_automation_agent]
Pre:

State:
warehouse_automation_agent$target,26
Invariants:
Flows:
Next:
Pre:
target$0[warehouse_automation_agent]

Transition:
e1(loc1->loc2)
ID:0
Guards:
( x1[0][null] = 0 )
( x2[1][null] >= 0 )
( x2[1][null] < 1 )
Resets:
( x1[0][null]' = x1[0][null] )
( x2[1][null]' = x2[1][null] )
( c[2][null]' = c[2][null] )

Transition:
e2(loc2->loc1)
ID:1
Guards:
( x1[0][null] = 1 )
( x2[1][null] >= 0 )
( x2[1][null] < 1 )
Resets:
( x1[0][null]' = x1[0][null] )
( x2[1][null]' = x2[1][null] )
( c[2][null]' = c[2][null] )

Transition:
e3(loc1->loc6)
ID:2
Guards:
( x1[0][null] >= 0 )
( x1[0][null] < 1 )
( x2[1][null] = 0 )
Resets:
( x1[0][null]' = x1[0][null] )
( x2[1][null]' = x2[1][null] )
( c[2][null]' = c[2][null] )

Transition:
e4(loc6->loc1)
ID:3
Guards:
( x1[0][null] >= 0 )
( x1[0][null] < 1 )
( x2[1][null] = 1 )
Resets:
( x1[0][null]' = x1[0][null] )
( x2[1][null]' = x2[1][null] )
( c[2][null]' = c[2][null] )

Transition:
e5(loc2->loc3)
ID:4
Guards:
( x1[0][null] = 1 )
( x2[1][null] >= 0 )
( x2[1][null] < 1 )
Resets:
( x1[0][null]' = x1[0][null] )
( x2[1][null]' = x2[1][null] )
( c[2][null]' = c[2][null] )

Transition:
e6(loc3->loc2)
ID:5
Guards:
( x1[0][null] = 2 )
( x2[1][null] >= 0 )
( x2[1][null] < 1 )
Resets:
( x1[0][null]' = x1[0][null] )
( x2[1][null]' = x2[1][null] )
( c[2][null]' = c[2][null] )

Transition:
e7(loc2->loc7)
ID:6
Guards:
( x1[0][null] >= 1 )
( x1[0][null] < 2 )
( x2[1][null] = 0 )
Resets:
( x1[0][null]' = x1[0][null] )
( x2[1][null]' = x2[1][null] )
( c[2][null]' = c[2][null] )

Transition:
e8(loc7->loc2)
ID:7
Guards:
( x1[0][null] >= 1 )
( x1[0][null] < 2 )
( x2[1][null] = 1 )
Resets:
( x1[0][null]' = x1[0][null] )
( x2[1][null]' = x2[1][null] )
( c[2][null]' = c[2][null] )

Transition:
e9(loc3->loc4)
ID:8
Guards:
( x1[0][null] = 2 )
( x2[1][null] >= 0 )
( x2[1][null] < 1 )
Resets:
( x1[0][null]' = x1[0][null] )
( x2[1][null]' = x2[1][null] )
( c[2][null]' = c[2][null] )

Transition:
e10(loc4->loc3)
ID:9
Guards:
( x1[0][null] = 3 )
( x2[1][null] >= 0 )
( x2[1][null] < 1 )
Resets:
( x1[0][null]' = x1[0][null] )
( x2[1][null]' = x2[1][null] )
( c[2][null]' = c[2][null] )

Transition:
e11(loc3->loc8)
ID:10
Guards:
( x1[0][null] >= 2 )
( x1[0][null] < 3 )
( x2[1][null] = 0 )
Resets:
( x1[0][null]' = x1[0][null] )
( x2[1][null]' = x2[1][null] )
( c[2][null]' = c[2][null] )

Transition:
e12(loc8->loc3)
ID:11
Guards:
( x1[0][null] >= 2 )
( x1[0][null] < 3 )
( x2[1][null] = 1 )
Resets:
( x1[0][null]' = x1[0][null] )
( x2[1][null]' = x2[1][null] )
( c[2][null]' = c[2][null] )

Transition:
e13(loc4->loc5)
ID:12
Guards:
( x1[0][null] = 3 )
( x2[1][null] >= 0 )
( x2[1][null] < 1 )
Resets:
( x1[0][null]' = x1[0][null] )
( x2[1][null]' = x2[1][null] )
( c[2][null]' = c[2][null] )

Transition:
e14(loc5->loc4)
ID:13
Guards:
( x1[0][null] = 4 )
( x2[1][null] >= 0 )
( x2[1][null] < 1 )
Resets:
( x1[0][null]' = x1[0][null] )
( x2[1][null]' = x2[1][null] )
( c[2][null]' = c[2][null] )

Transition:
e15(loc4->loc9)
ID:14
Guards:
( x1[0][null] >= 3 )
( x1[0][null] < 4 )
( x2[1][null] = 0 )
Resets:
( x1[0][null]' = x1[0][null] )
( x2[1][null]' = x2[1][null] )
( c[2][null]' = c[2][null] )

Transition:
e16(loc9->loc4)
ID:15
Guards:
( x1[0][null] >= 3 )
( x1[0][null] < 4 )
( x2[1][null] = 1 )
Resets:
( x1[0][null]' = x1[0][null] )
( x2[1][null]' = x2[1][null] )
( c[2][null]' = c[2][null] )

Transition:
e17(loc6->loc7)
ID:16
Guards:
( x1[0][null] = 0 )
( x2[1][null] >= 1 )
( x2[1][null] < 2 )
Resets:
( x1[0][null]' = x1[0][null] )
( x2[1][null]' = x2[1][null] )
( c[2][null]' = c[2][null] )

Transition:
e18(loc7->loc6)
ID:17
Guards:
( x1[0][null] = 1 )
( x2[1][null] >= 1 )
( x2[1][null] < 2 )
Resets:
( x1[0][null]' = x1[0][null] )
( x2[1][null]' = x2[1][null] )
( c[2][null]' = c[2][null] )

Transition:
e19(loc6->loc11)
ID:18
Guards:
( x1[0][null] >= 0 )
( x1[0][null] < 1 )
( x2[1][null] = 1 )
Resets:
( x1[0][null]' = x1[0][null] )
( x2[1][null]' = x2[1][null] )
( c[2][null]' = c[2][null] )

Transition:
e20(loc11->loc6)
ID:19
Guards:
( x1[0][null] >= 0 )
( x1[0][null] < 1 )
( x2[1][null] = 2 )
Resets:
( x1[0][null]' = x1[0][null] )
( x2[1][null]' = x2[1][null] )
( c[2][null]' = c[2][null] )

Transition:
e21(loc7->loc8)
ID:20
Guards:
( x1[0][null] = 1 )
( x2[1][null] >= 1 )
( x2[1][null] < 2 )
Resets:
( x1[0][null]' = x1[0][null] )
( x2[1][null]' = x2[1][null] )
( c[2][null]' = c[2][null] )

Transition:
e22(loc8->loc7)
ID:21
Guards:
( x1[0][null] = 2 )
( x2[1][null] >= 1 )
( x2[1][null] < 2 )
Resets:
( x1[0][null]' = x1[0][null] )
( x2[1][null]' = x2[1][null] )
( c[2][null]' = c[2][null] )

Transition:
e23(loc7->loc12)
ID:22
Guards:
( x1[0][null] >= 1 )
( x1[0][null] < 2 )
( x2[1][null] = 1 )
Resets:
( x1[0][null]' = x1[0][null] )
( x2[1][null]' = x2[1][null] )
( c[2][null]' = c[2][null] )

Transition:
e24(loc12->loc7)
ID:23
Guards:
( x1[0][null] >= 1 )
( x1[0][null] < 2 )
( x2[1][null] = 2 )
Resets:
( x1[0][null]' = x1[0][null] )
( x2[1][null]' = x2[1][null] )
( c[2][null]' = c[2][null] )

Transition:
e25(loc8->loc9)
ID:24
Guards:
( x1[0][null] = 2 )
( x2[1][null] >= 1 )
( x2[1][null] < 2 )
Resets:
( x1[0][null]' = x1[0][null] )
( x2[1][null]' = x2[1][null] )
( c[2][null]' = c[2][null] )

Transition:
e26(loc9->loc8)
ID:25
Guards:
( x1[0][null] = 3 )
( x2[1][null] >= 1 )
( x2[1][null] < 2 )
Resets:
( x1[0][null]' = x1[0][null] )
( x2[1][null]' = x2[1][null] )
( c[2][null]' = c[2][null] )

Transition:
e27(loc8->loc13)
ID:26
Guards:
( x1[0][null] >= 2 )
( x1[0][null] < 3 )
( x2[1][null] = 1 )
Resets:
( x1[0][null]' = x1[0][null] )
( x2[1][null]' = x2[1][null] )
( c[2][null]' = c[2][null] )

Transition:
e28(loc13->loc8)
ID:27
Guards:
( x1[0][null] >= 2 )
( x1[0][null] < 3 )
( x2[1][null] = 2 )
Resets:
( x1[0][null]' = x1[0][null] )
( x2[1][null]' = x2[1][null] )
( c[2][null]' = c[2][null] )

Transition:
e29(loc9->loc14)
ID:28
Guards:
( x1[0][null] >= 3 )
( x1[0][null] < 4 )
( x2[1][null] = 1 )
Resets:
( x1[0][null]' = x1[0][null] )
( x2[1][null]' = x2[1][null] )
( c[2][null]' = c[2][null] )

Transition:
e30(loc14->loc9)
ID:29
Guards:
( x1[0][null] >= 3 )
( x1[0][null] < 4 )
( x2[1][null] = 2 )
Resets:
( x1[0][null]' = x1[0][null] )
( x2[1][null]' = x2[1][null] )
( c[2][null]' = c[2][null] )

Transition:
e31(loc11->loc12)
ID:30
Guards:
( x1[0][null] = 0 )
( x2[1][null] >= 2 )
( x2[1][null] < 3 )
Resets:
( x1[0][null]' = x1[0][null] )
( x2[1][null]' = x2[1][null] )
( c[2][null]' = c[2][null] )

Transition:
e32(loc12->loc11)
ID:31
Guards:
( x1[0][null] = 1 )
( x2[1][null] >= 2 )
( x2[1][null] < 3 )
Resets:
( x1[0][null]' = x1[0][null] )
( x2[1][null]' = x2[1][null] )
( c[2][null]' = c[2][null] )

Transition:
e33(loc11->loc16)
ID:32
Guards:
( x1[0][null] >= 0 )
( x1[0][null] < 1 )
( x2[1][null] = 2 )
Resets:
( x1[0][null]' = x1[0][null] )
( x2[1][null]' = x2[1][null] )
( c[2][null]' = c[2][null] )

Transition:
e34(loc16->loc11)
ID:33
Guards:
( x1[0][null] >= 0 )
( x1[0][null] < 1 )
( x2[1][null] = 3 )
Resets:
( x1[0][null]' = x1[0][null] )
( x2[1][null]' = x2[1][null] )
( c[2][null]' = c[2][null] )

Transition:
e35(loc12->loc13)
ID:34
Guards:
( x1[0][null] = 1 )
( x2[1][null] >= 2 )
( x2[1][null] < 3 )
Resets:
( x1[0][null]' = x1[0][null] )
( x2[1][null]' = x2[1][null] )
( c[2][null]' = c[2][null] )

Transition:
e36(loc13->loc12)
ID:35
Guards:
( x1[0][null] = 2 )
( x2[1][null] >= 2 )
( x2[1][null] < 3 )
Resets:
( x1[0][null]' = x1[0][null] )
( x2[1][null]' = x2[1][null] )
( c[2][null]' = c[2][null] )

Transition:
e37(loc12->loc17)
ID:36
Guards:
( x1[0][null] >= 1 )
( x1[0][null] < 2 )
( x2[1][null] = 2 )
Resets:
( x1[0][null]' = x1[0][null] )
( x2[1][null]' = x2[1][null] )
( c[2][null]' = c[2][null] )

Transition:
e38(loc17->loc12)
ID:37
Guards:
( x1[0][null] >= 1 )
( x1[0][null] < 2 )
( x2[1][null] = 3 )
Resets:
( x1[0][null]' = x1[0][null] )
( x2[1][null]' = x2[1][null] )
( c[2][null]' = c[2][null] )

Transition:
e39(loc13->loc14)
ID:38
Guards:
( x1[0][null] = 2 )
( x2[1][null] >= 2 )
( x2[1][null] < 3 )
Resets:
( x1[0][null]' = x1[0][null] )
( x2[1][null]' = x2[1][null] )
( c[2][null]' = c[2][null] )

Transition:
e40(loc14->loc13)
ID:39
Guards:
( x1[0][null] = 3 )
( x2[1][null] >= 2 )
( x2[1][null] < 3 )
Resets:
( x1[0][null]' = x1[0][null] )
( x2[1][null]' = x2[1][null] )
( c[2][null]' = c[2][null] )

Transition:
e41(loc13->loc18)
ID:40
Guards:
( x1[0][null] >= 2 )
( x1[0][null] < 3 )
( x2[1][null] = 2 )
Resets:
( x1[0][null]' = x1[0][null] )
( x2[1][null]' = x2[1][null] )
( c[2][null]' = c[2][null] )

Transition:
e42(loc18->loc13)
ID:41
Guards:
( x1[0][null] >= 2 )
( x1[0][null] < 3 )
( x2[1][null] = 3 )
Resets:
( x1[0][null]' = x1[0][null] )
( x2[1][null]' = x2[1][null] )
( c[2][null]' = c[2][null] )

Transition:
e43(loc14->loc15)
ID:42
Guards:
( x1[0][null] = 3 )
( x2[1][null] >= 2 )
( x2[1][null] < 3 )
Resets:
( x1[0][null]' = x1[0][null] )
( x2[1][null]' = x2[1][null] )
( c[2][null]' = c[2][null] )

Transition:
e44(loc15->loc14)
ID:43
Guards:
( x1[0][null] = 4 )
( x2[1][null] >= 2 )
( x2[1][null] < 3 )
Resets:
( x1[0][null]' = x1[0][null] )
( x2[1][null]' = x2[1][null] )
( c[2][null]' = c[2][null] )

Transition:
e45(loc14->loc19)
ID:44
Guards:
( x1[0][null] >= 3 )
( x1[0][null] < 4 )
( x2[1][null] = 2 )
Resets:
( x1[0][null]' = x1[0][null] )
( x2[1][null]' = x2[1][null] )
( c[2][null]' = c[2][null] )

Transition:
e46(loc19->loc14)
ID:45
Guards:
( x1[0][null] >= 3 )
( x1[0][null] < 4 )
( x2[1][null] = 3 )
Resets:
( x1[0][null]' = x1[0][null] )
( x2[1][null]' = x2[1][null] )
( c[2][null]' = c[2][null] )

Transition:
e47(loc15->loc20)
ID:46
Guards:
( x1[0][null] >= 4 )
( x1[0][null] < 5 )
( x2[1][null] = 2 )
Resets:
( x1[0][null]' = x1[0][null] )
( x2[1][null]' = x2[1][null] )
( c[2][null]' = c[2][null] )

Transition:
e48(loc20->loc15)
ID:47
Guards:
( x1[0][null] >= 4 )
( x1[0][null] < 5 )
( x2[1][null] = 3 )
Resets:
( x1[0][null]' = x1[0][null] )
( x2[1][null]' = x2[1][null] )
( c[2][null]' = c[2][null] )

Transition:
e49(loc16->loc17)
ID:48
Guards:
( x1[0][null] = 0 )
( x2[1][null] >= 3 )
( x2[1][null] < 4 )
Resets:
( x1[0][null]' = x1[0][null] )
( x2[1][null]' = x2[1][null] )
( c[2][null]' = c[2][null] )

Transition:
e50(loc17->loc16)
ID:49
Guards:
( x1[0][null] = 1 )
( x2[1][null] >= 3 )
( x2[1][null] < 4 )
Resets:
( x1[0][null]' = x1[0][null] )
( x2[1][null]' = x2[1][null] )
( c[2][null]' = c[2][null] )

Transition:
e51(loc16->loc21)
ID:50
Guards:
( x1[0][null] >= 0 )
( x1[0][null] < 1 )
( x2[1][null] = 3 )
Resets:
( x1[0][null]' = x1[0][null] )
( x2[1][null]' = x2[1][null] )
( c[2][null]' = c[2][null] )

Transition:
e52(loc21->loc16)
ID:51
Guards:
( x1[0][null] >= 0 )
( x1[0][null] < 1 )
( x2[1][null] = 4 )
Resets:
( x1[0][null]' = x1[0][null] )
( x2[1][null]' = x2[1][null] )
( c[2][null]' = c[2][null] )

Transition:
e53(loc17->loc18)
ID:52
Guards:
( x1[0][null] = 1 )
( x2[1][null] >= 3 )
( x2[1][null] < 4 )
Resets:
( x1[0][null]' = x1[0][null] )
( x2[1][null]' = x2[1][null] )
( c[2][null]' = c[2][null] )

Transition:
e54(loc18->loc17)
ID:53
Guards:
( x1[0][null] = 2 )
( x2[1][null] >= 3 )
( x2[1][null] < 4 )
Resets:
( x1[0][null]' = x1[0][null] )
( x2[1][null]' = x2[1][null] )
( c[2][null]' = c[2][null] )

Transition:
e55(loc17->loc22)
ID:54
Guards:
( x1[0][null] >= 1 )
( x1[0][null] < 2 )
( x2[1][null] = 3 )
Resets:
( x1[0][null]' = x1[0][null] )
( x2[1][null]' = x2[1][null] )
( c[2][null]' = c[2][null] )

Transition:
e56(loc22->loc17)
ID:55
Guards:
( x1[0][null] >= 1 )
( x1[0][null] < 2 )
( x2[1][null] = 4 )
Resets:
( x1[0][null]' = x1[0][null] )
( x2[1][null]' = x2[1][null] )
( c[2][null]' = c[2][null] )

Transition:
e57(loc18->loc19)
ID:56
Guards:
( x1[0][null] = 2 )
( x2[1][null] >= 3 )
( x2[1][null] < 4 )
Resets:
( x1[0][null]' = x1[0][null] )
( x2[1][null]' = x2[1][null] )
( c[2][null]' = c[2][null] )

Transition:
e58(loc19->loc18)
ID:57
Guards:
( x1[0][null] = 3 )
( x2[1][null] >= 3 )
( x2[1][null] < 4 )
Resets:
( x1[0][null]' = x1[0][null] )
( x2[1][null]' = x2[1][null] )
( c[2][null]' = c[2][null] )

Transition:
e59(loc18->loc23)
ID:58
Guards:
( x1[0][null] >= 2 )
( x1[0][null] < 3 )
( x2[1][null] = 3 )
Resets:
( x1[0][null]' = x1[0][null] )
( x2[1][null]' = x2[1][null] )
( c[2][null]' = c[2][null] )

Transition:
e60(loc23->loc18)
ID:59
Guards:
( x1[0][null] >= 2 )
( x1[0][null] < 3 )
( x2[1][null] = 4 )
Resets:
( x1[0][null]' = x1[0][null] )
( x2[1][null]' = x2[1][null] )
( c[2][null]' = c[2][null] )

Transition:
e61(loc19->loc20)
ID:60
Guards:
( x1[0][null] = 3 )
( x2[1][null] >= 3 )
( x2[1][null] < 4 )
Resets:
( x1[0][null]' = x1[0][null] )
( x2[1][null]' = x2[1][null] )
( c[2][null]' = c[2][null] )

Transition:
e62(loc20->loc19)
ID:61
Guards:
( x1[0][null] = 4 )
( x2[1][null] >= 3 )
( x2[1][null] < 4 )
Resets:
( x1[0][null]' = x1[0][null] )
( x2[1][null]' = x2[1][null] )
( c[2][null]' = c[2][null] )

Transition:
e63(loc19->loc24)
ID:62
Guards:
( x1[0][null] >= 3 )
( x1[0][null] < 4 )
( x2[1][null] = 3 )
Resets:
( x1[0][null]' = x1[0][null] )
( x2[1][null]' = x2[1][null] )
( c[2][null]' = c[2][null] )

Transition:
e64(loc24->loc19)
ID:63
Guards:
( x1[0][null] >= 3 )
( x1[0][null] < 4 )
( x2[1][null] = 4 )
Resets:
( x1[0][null]' = x1[0][null] )
( x2[1][null]' = x2[1][null] )
( c[2][null]' = c[2][null] )

Transition:
e65(loc20->loc25)
ID:64
Guards:
( x1[0][null] >= 4 )
( x1[0][null] < 5 )
( x2[1][null] = 3 )
Resets:
( c[2][null]' = 10 )
( x1[0][null]' = x1[0][null] )
( x2[1][null]' = x2[1][null] )

Transition:
e66(loc25->loc20)
ID:65
Guards:
( x1[0][null] >= 4 )
( x1[0][null] < 5 )
( x2[1][null] = 4 )
Resets:
( x1[0][null]' = x1[0][null] )
( x2[1][null]' = x2[1][null] )
( c[2][null]' = c[2][null] )

Transition:
e67(loc21->loc22)
ID:66
Guards:
( x1[0][null] = 0 )
( x2[1][null] >= 4 )
( x2[1][null] < 5 )
Resets:
( x1[0][null]' = x1[0][null] )
( x2[1][null]' = x2[1][null] )
( c[2][null]' = c[2][null] )

Transition:
e68(loc22->loc21)
ID:67
Guards:
( x1[0][null] = 1 )
( x2[1][null] >= 4 )
( x2[1][null] < 5 )
Resets:
( x1[0][null]' = x1[0][null] )
( x2[1][null]' = x2[1][null] )
( c[2][null]' = c[2][null] )

Transition:
e69(loc22->loc23)
ID:68
Guards:
( x1[0][null] = 1 )
( x2[1][null] >= 4 )
( x2[1][null] < 5 )
Resets:
( x1[0][null]' = x1[0][null] )
( x2[1][null]' = x2[1][null] )
( c[2][null]' = c[2][null] )

Transition:
e70(loc23->loc22)
ID:69
Guards:
( x1[0][null] = 2 )
( x2[1][null] >= 4 )
( x2[1][null] < 5 )
Resets:
( x1[0][null]' = x1[0][null] )
( x2[1][null]' = x2[1][null] )
( c[2][null]' = c[2][null] )

Transition:
e71(loc23->loc24)
ID:70
Guards:
( x1[0][null] = 2 )
( x2[1][null] >= 4 )
( x2[1][null] < 5 )
Resets:
( x1[0][null]' = x1[0][null] )
( x2[1][null]' = x2[1][null] )
( c[2][null]' = c[2][null] )

Transition:
e72(loc24->loc23)
ID:71
Guards:
( x1[0][null] = 3 )
( x2[1][null] >= 4 )
( x2[1][null] < 5 )
Resets:
( x1[0][null]' = x1[0][null] )
( x2[1][null]' = x2[1][null] )
( c[2][null]' = c[2][null] )

Transition:
e73(loc24->loc25)
ID:72
Guards:
( x1[0][null] = 3 )
( x2[1][null] >= 4 )
( x2[1][null] < 5 )
Resets:
( x1[0][null]' = x1[0][null] )
( x2[1][null]' = x2[1][null] )
( c[2][null]' = c[2][null] )

Transition:
e74(loc25->loc24)
ID:73
Guards:
( x1[0][null] = 4 )
( x2[1][null] >= 4 )
( x2[1][null] < 5 )
Resets:
( x1[0][null]' = x1[0][null] )
( x2[1][null]' = x2[1][null] )
( c[2][null]' = c[2][null] )

Transition:
initial$0(warehouse_automation_agent$initial->loc10)
ID:74
Guards:
( x1[0][null] = 4.2 )
( x2[1][null] = 1.9 )
( c[2][null] = 10 )
Resets:
( x1[0][null]' = x1[0][null] )
( x2[1][null]' = x2[1][null] )
( c[2][null]' = c[2][null] )

Transition:
target$0(loc14->warehouse_automation_agent$target)
ID:75
Guards:
Resets:

related automata:
warehouse_automation_agent

init spec:
( true && LOC( warehouse_automation_agent ) = warehouse_automation_agent$initial )
reach spec:
( true && LOC( warehouse_automation_agent ) = warehouse_automation_agent$target )

------------main()------------src/main.cpp:99-----------------
z3solver
------------check()------------src/BMC/modelCheck.cpp:657-----------------

Cryptominisat
version:5.6.8
UNREACHABLE
0 paths were checked
Time of Encoding Graph: 0.154431 s
Time of Searching Path: 0.000070 s
Time of Decoding  Path: 0.000000 s
Time of Checking  Path: 0.000000 s
Time of Refining Model: 0.000000 s
Memory used: 59.00 MB
CPU Time: 0.168233 s
